\BOOKMARK [0][-]{chapter*.1}{\376\377\000P\000r\000e\000f\000a\000c\000e}{}% 1
\BOOKMARK [0][-]{chapter.1}{\376\377\003\237\000\040\003\304\003\301\003\314\003\300\003\277\003\302\000\040\003\304\003\277\003\305\000\040\003\300\003\301\003\277\003\263\003\301\003\254\003\274\003\274\003\261\003\304\003\277\003\302}{}% 2
\BOOKMARK [1][-]{section.1.1}{\376\377\003\227\000\040\003\263\003\273\003\316\003\303\003\303\003\261\000\040\003\300\003\301\003\277\003\263\003\301\003\261\003\274\003\274\003\261\003\304\003\271\003\303\003\274\003\277\003\315\000\040}{chapter.1}% 3
\BOOKMARK [1][-]{section.1.2}{\376\377\000\040\003\244\003\271\000\040\003\265\003\257\003\275\003\261\003\271\000\040\003\255\003\275\003\261\000\040\003\300\003\301\003\314\003\263\003\301\003\261\003\274\003\274\003\261}{chapter.1}% 4
\BOOKMARK [1][-]{section.1.3}{\376\377\003\244\003\271\000\040\003\265\003\257\003\275\003\261\003\271\000\040\003\267\000\040\003\261\003\300\003\277\003\303\003\306\003\261\003\273\003\274\003\254\003\304\003\311\003\303\003\267\000;}{chapter.1}% 5
\BOOKMARK [1][-]{section.1.4}{\376\377\003\225\003\300\003\257\003\303\003\267\003\274\003\265\003\302\000\040\003\272\003\261\003\271\000\040\003\306\003\305\003\303\003\271\003\272\003\255\003\302\000\040\003\263\003\273\003\316\003\303\003\303\003\265\003\302}{chapter.1}% 6
\BOOKMARK [1][-]{section.1.5}{\376\377\003\244\003\277\000\040\003\300\003\301\003\316\003\304\003\277\000\040\003\300\003\301\003\314\003\263\003\301\003\261\003\274\003\274\003\261}{chapter.1}% 7
\BOOKMARK [1][-]{section.1.6}{\376\377\003\221\003\300\003\277\003\303\003\306\003\261\003\273\003\274\003\254\003\304\003\311\003\303\003\267}{chapter.1}% 8
\BOOKMARK [1][-]{section.1.7}{\376\377\003\237\003\301\003\277\003\273\003\277\003\263\003\257\003\261}{chapter.1}% 9
\BOOKMARK [1][-]{section.1.8}{\376\377\003\221\003\303\003\272\003\256\003\303\003\265\003\271\003\302}{chapter.1}% 10
\BOOKMARK [0][-]{chapter.2}{\376\377\003\234\003\265\003\304\003\261\003\262\003\273\003\267\003\304\003\255\003\302\000,\000\040\003\265\003\272\003\306\003\301\003\254\003\303\003\265\003\271\003\302\000\040\000a\000n\000d\000\040\003\264\003\267\003\273\003\316\003\303\003\265\003\271\003\302}{}% 11
\BOOKMARK [1][-]{section.2.1}{\376\377\003\244\003\271\003\274\003\255\003\302\000\040\003\272\003\261\003\271\000\040\003\304\003\315\003\300\003\277\003\271}{chapter.2}% 12
\BOOKMARK [1][-]{section.2.2}{\376\377\003\234\003\265\003\304\003\261\003\262\003\273\003\267\003\304\003\255\003\302}{chapter.2}% 13
\BOOKMARK [1][-]{section.2.3}{\376\377\003\237\003\275\003\314\003\274\003\261\003\304\003\261\000\040\003\274\003\265\003\304\003\261\003\262\003\273\003\267\003\304\003\316\003\275\000\040\003\272\003\261\003\271\000\040\003\273\003\255\003\276\003\265\003\271\003\302\000\040\003\272\003\273\003\265\003\271\003\264\003\271\003\254}{chapter.2}% 14
\BOOKMARK [1][-]{section.2.4}{\376\377\003\244\003\265\003\273\003\265\003\303\003\304\003\255\003\302\000\040\003\272\003\261\003\271\000\040\003\304\003\265\003\273\003\265\003\303\003\304\003\255\003\277\003\271}{chapter.2}% 15
\BOOKMARK [1][-]{section.2.5}{\376\377\003\225\003\272\003\306\003\301\003\254\003\303\003\265\003\271\003\302\000\040\003\272\003\261\003\271\000\040\003\264\003\267\003\273\003\316\003\303\003\265\003\271\003\302}{chapter.2}% 16
\BOOKMARK [1][-]{section.2.6}{\376\377\003\224\003\271\003\261\003\264\003\301\003\261\003\303\003\304\003\271\003\272\003\256\000\040\003\273\003\265\003\271\003\304\003\277\003\305\003\301\003\263\003\257\003\261\000\040\003\272\003\261\003\271\000\040\003\273\003\265\003\271\003\304\003\277\003\305\003\301\003\263\003\257\003\261\000\040\003\303\003\265\003\275\003\261\003\301\003\257\003\311\003\275}{chapter.2}% 17
\BOOKMARK [1][-]{section.2.7}{\376\377\003\227\000\040\003\303\003\265\003\271\003\301\003\254\000\040\003\304\003\311\003\275\000\040\003\300\003\301\003\254\003\276\003\265\003\311\003\275}{chapter.2}% 18
\BOOKMARK [1][-]{section.2.8}{\376\377\003\240\003\301\003\254\003\276\003\265\003\271\003\302\000\040\003\303\003\305\003\274\003\262\003\277\003\273\003\277\003\303\003\265\003\271\003\301\003\316\003\275}{chapter.2}% 19
\BOOKMARK [1][-]{section.2.9}{\376\377\003\243\003\307\003\314\003\273\003\271\003\261}{chapter.2}% 20
\BOOKMARK [1][-]{section.2.10}{\376\377\003\221\003\300\003\277\003\303\003\306\003\261\003\273\003\274\003\254\003\304\003\311\003\303\003\267}{chapter.2}% 21
\BOOKMARK [1][-]{section.2.11}{\376\377\003\237\003\301\003\277\003\273\003\277\003\263\003\257\003\261}{chapter.2}% 22
\BOOKMARK [1][-]{section.2.12}{\376\377\003\221\003\303\003\272\003\256\003\303\003\265\003\271\003\302}{chapter.2}% 23
\BOOKMARK [0][-]{chapter.3}{\376\377\003\243\003\305\003\275\003\261\003\301\003\304\003\256\003\303\003\265\003\271\003\302}{}% 24
\BOOKMARK [1][-]{section.3.1}{\376\377\003\232\003\273\003\256\003\303\003\265\003\271\003\302\000\040\003\303\003\305\003\275\003\261\003\301\003\304\003\256\003\303\003\265\003\311\003\275}{chapter.3}% 25
\BOOKMARK [1][-]{section.3.2}{\376\377\003\243\003\305\003\275\003\261\003\301\003\304\003\256\003\303\003\265\003\271\003\302\000\040\003\274\003\265\003\304\003\261\003\304\003\301\003\277\003\300\003\256\003\302\000\040\003\304\003\315\003\300\003\311\003\275}{chapter.3}% 26
\BOOKMARK [1][-]{section.3.3}{\376\377\003\234\003\261\003\270\003\267\003\274\003\261\003\304\003\271\003\272\003\255\003\302\000\040\003\243\003\305\003\275\003\261\003\301\003\304\003\256\003\303\003\265\003\271\003\302}{chapter.3}% 27
\BOOKMARK [1][-]{section.3.4}{\376\377\003\243\003\315\003\275\003\304\003\261\003\276\003\267}{chapter.3}% 28
\BOOKMARK [1][-]{section.3.5}{\376\377\003\240\003\301\003\277\003\303\003\270\003\255\003\304\003\277\003\275\003\304\003\261\003\302\000\040\003\275\003\255\003\265\003\302\000\040\003\303\003\305\003\275\003\261\003\301\003\304\003\256\003\303\003\265\003\271\003\302}{chapter.3}% 29
\BOOKMARK [1][-]{section.3.6}{\376\377\003\237\003\301\003\271\003\303\003\274\003\277\003\257\000\040\003\272\003\261\003\271\000\040\003\307\003\301\003\256\003\303\003\265\003\271\003\302}{chapter.3}% 30
\BOOKMARK [1][-]{section.3.7}{\376\377\003\241\003\277\003\256\000\040\003\265\003\272\003\304\003\255\003\273\003\265\003\303\003\267\003\302}{chapter.3}% 31
\BOOKMARK [1][-]{section.3.8}{\376\377\003\240\003\261\003\301\003\254\003\274\003\265\003\304\003\301\003\277\003\271\000\040\003\272\003\261\003\271\000\040\003\277\003\301\003\257\003\303\003\274\003\261\003\304\003\261}{chapter.3}% 32
\BOOKMARK [1][-]{section.3.9}{\376\377\003\237\003\271\000\040\003\274\003\265\003\304\003\261\003\262\003\273\003\267\003\304\003\255\003\302\000\040\003\272\003\261\003\271\000\040\003\277\003\271\000\040\003\300\003\261\003\301\003\254\003\274\003\265\003\304\003\301\003\277\003\271\000\040\003\265\003\257\003\275\003\261\003\271\000\040\003\304\003\277\003\300\003\271\003\272\003\255\003\302}{chapter.3}% 33
\BOOKMARK [1][-]{section.3.10}{\376\377\003\224\003\271\003\261\003\263\003\301\003\254\003\274\003\274\003\261\003\304\003\261\000\040\003\303\003\304\003\277\003\257\003\262\003\261\003\302}{chapter.3}% 34
\BOOKMARK [1][-]{section.3.11}{\376\377\003\223\003\314\003\275\003\271\003\274\003\265\003\302\000\040\003\272\003\261\003\271\000\040\003\272\003\265\003\275\003\255\003\302\000\040\003\303\003\305\003\275\003\261\003\301\003\304\003\256\003\303\003\265\003\271\003\302}{chapter.3}% 35
\BOOKMARK [1][-]{section.3.12}{\376\377\003\223\003\271\003\261\003\304\003\257\000\040\003\303\003\305\003\275\003\261\003\301\003\304\003\256\003\303\003\265\003\271\003\302}{chapter.3}% 36
\BOOKMARK [1][-]{section.3.13}{\376\377\003\225\003\271\003\303\003\261\003\263\003\311\003\263\003\256\000\040\003\261\003\300\003\314\000\040\003\274\003\277\003\275\003\254\003\264\003\261\000\040\003\273\003\277\003\263\003\271\003\303\003\274\003\271\003\272\003\277\003\315}{chapter.3}% 37
\BOOKMARK [1][-]{section.3.14}{\376\377\003\221\003\300\003\277\003\303\003\306\003\261\003\273\003\274\003\254\003\304\003\311\003\303\003\267}{chapter.3}% 38
\BOOKMARK [1][-]{section.3.15}{\376\377\003\237\003\301\003\277\003\273\003\277\003\263\003\257\003\261}{chapter.3}% 39
\BOOKMARK [1][-]{section.3.16}{\376\377\003\221\003\303\003\272\003\256\003\303\003\265\003\271\003\302}{chapter.3}% 40
\BOOKMARK [0][-]{chapter.4}{\376\377\003\234\003\265\003\273\003\255\003\304\003\267\000\040\003\300\003\265\003\301\003\257\003\300\003\304\003\311\003\303\003\267\003\302\000:\000\040\003\303\003\307\003\265\003\264\003\257\003\261\003\303\003\267\000\040\003\264\003\271\003\265\003\300\003\261\003\306\003\256\003\302}{}% 41
\BOOKMARK [1][-]{section.4.1}{\376\377\000T\000u\000r\000t\000l\000e\000W\000o\000r\000l\000d}{chapter.4}% 42
\BOOKMARK [1][-]{section.4.2}{\376\377\003\221\003\300\003\273\003\256\000\040\003\265\003\300\003\261\003\275\003\254\003\273\003\267\003\310\003\267}{chapter.4}% 43
\BOOKMARK [1][-]{section.4.3}{\376\377\003\221\003\303\003\272\003\256\003\303\003\265\003\271\003\302}{chapter.4}% 44
\BOOKMARK [1][-]{section.4.4}{\376\377\003\225\003\275\003\270\003\305\003\273\003\254\003\272\003\311\003\303\003\267}{chapter.4}% 45
\BOOKMARK [1][-]{section.4.5}{\376\377\003\223\003\265\003\275\003\257\003\272\003\265\003\305\003\303\003\267}{chapter.4}% 46
\BOOKMARK [1][-]{section.4.6}{\376\377\003\243\003\307\003\265\003\264\003\257\003\261\003\303\003\267\000\040\003\264\003\271\003\265\003\300\003\261\003\306\003\256\003\302}{chapter.4}% 47
\BOOKMARK [1][-]{section.4.7}{\376\377\003\221\003\275\003\261\003\272\003\261\003\304\003\261\003\303\003\272\003\265\003\305\003\256\000\040\003\272\003\316\003\264\003\271\003\272\003\261}{chapter.4}% 48
\BOOKMARK [1][-]{section.4.8}{\376\377\003\210\003\275\003\261\000\040\003\300\003\273\003\254\003\275\003\277\000\040\003\261\003\275\003\254\003\300\003\304\003\305\003\276\003\267\003\302}{chapter.4}% 49
\BOOKMARK [1][-]{section.4.9}{\376\377\003\243\003\305\003\274\003\262\003\277\003\273\003\277\003\303\003\265\003\271\003\301\003\254\000\040\003\272\003\265\003\271\003\274\003\255\003\275\003\277\003\305}{chapter.4}% 50
\BOOKMARK [1][-]{section.4.10}{\376\377\003\221\003\300\003\277\003\303\003\306\003\261\003\273\003\274\003\254\003\304\003\311\003\303\003\267}{chapter.4}% 51
\BOOKMARK [1][-]{section.4.11}{\376\377\003\237\003\301\003\277\003\273\003\277\003\263\003\257\003\261}{chapter.4}% 52
\BOOKMARK [1][-]{section.4.12}{\376\377\003\221\003\303\003\272\003\256\003\303\003\265\003\271\003\302}{chapter.4}% 53
\BOOKMARK [0][-]{chapter.5}{\376\377\003\224\003\267\003\273\003\316\003\303\003\265\003\271\003\302\000\040\003\305\003\300\003\314\000\040\003\303\003\305\003\275\003\270\003\256\003\272\003\267\000\040\003\272\003\261\003\271\000\040\003\261\003\275\003\261\003\264\003\301\003\277\003\274\003\256}{}% 54
\BOOKMARK [1][-]{section.5.1}{\376\377\003\244\003\265\003\273\003\265\003\303\003\304\003\256\003\302\000\040\003\305\003\300\003\277\003\273\003\277\003\263\003\271\003\303\003\274\003\277\003\315\000\040\003\305\003\300\003\277\003\273\003\277\003\257\003\300\003\277\003\305\000\040\003\261\003\272\003\255\003\301\003\261\003\271\003\261\003\302\000\040\003\264\003\271\003\261\003\257\003\301\003\265\003\303\003\267\003\302}{chapter.5}% 55
\BOOKMARK [1][-]{section.5.2}{\376\377\003\233\003\277\003\263\003\271\003\272\003\255\003\302\000\040\003\265\003\272\003\306\003\301\003\254\003\303\003\265\003\271\003\302}{chapter.5}% 56
\BOOKMARK [1][-]{section.5.3}{\376\377\003\233\003\277\003\263\003\271\003\272\003\277\003\257\000\040\003\304\003\265\003\273\003\265\003\303\003\304\003\255\003\302}{chapter.5}% 57
\BOOKMARK [1][-]{section.5.4}{\376\377\003\225\003\272\003\304\003\255\003\273\003\265\003\303\003\267\000\040\003\305\003\300\003\314\000\040\003\303\003\305\003\275\003\270\003\256\003\272\003\267}{chapter.5}% 58
\BOOKMARK [1][-]{section.5.5}{\376\377\003\225\003\275\003\261\003\273\003\273\003\261\003\272\003\304\003\271\003\272\003\256\000\040\003\265\003\272\003\304\003\255\003\273\003\265\003\303\003\267}{chapter.5}% 59
\BOOKMARK [1][-]{section.5.6}{\376\377\003\221\003\273\003\305\003\303\003\271\003\264\003\311\003\304\003\255\003\302\000\040\003\303\003\305\003\275\003\270\003\256\003\272\003\265\003\302}{chapter.5}% 60
\BOOKMARK [1][-]{section.5.7}{\376\377\003\225\003\274\003\306\003\311\003\273\003\265\003\305\003\274\003\255\003\275\003\265\003\302\000\040\003\303\003\305\003\275\003\270\003\256\003\272\003\265\003\302}{chapter.5}% 61
\BOOKMARK [1][-]{section.5.8}{\376\377\003\221\003\275\003\261\003\264\003\301\003\277\003\274\003\256}{chapter.5}% 62
\BOOKMARK [1][-]{section.5.9}{\376\377\003\224\003\271\003\261\003\263\003\301\003\254\003\274\003\274\003\261\003\304\003\261\000\040\003\303\003\304\003\277\003\257\003\262\003\261\003\302\000\040\003\263\003\271\003\261\000\040\003\261\003\275\003\261\003\264\003\301\003\277\003\274\003\271\003\272\003\255\003\302\000\040\003\303\003\305\003\275\003\261\003\301\003\304\003\256\003\303\003\265\003\271\003\302}{chapter.5}% 63
\BOOKMARK [1][-]{section.5.10}{\376\377\003\206\003\300\003\265\003\271\003\301\003\267\000\040\003\261\003\275\003\261\003\264\003\301\003\277\003\274\003\256}{chapter.5}% 64
\BOOKMARK [1][-]{section.5.11}{\376\377\003\225\003\257\003\303\003\277\003\264\003\277\003\302\000\040\003\261\003\300\003\314\000\040\003\304\003\277\000\040\003\300\003\273\003\267\003\272\003\304\003\301\003\277\003\273\003\314\003\263\003\271\003\277}{chapter.5}% 65
\BOOKMARK [1][-]{section.5.12}{\376\377\003\221\003\300\003\277\003\303\003\306\003\261\003\273\003\274\003\254\003\304\003\311\003\303\003\267}{chapter.5}% 66
\BOOKMARK [1][-]{section.5.13}{\376\377\003\237\003\301\003\277\003\273\003\277\003\263\003\257\003\261}{chapter.5}% 67
\BOOKMARK [1][-]{section.5.14}{\376\377\003\221\003\303\003\272\003\256\003\303\003\265\003\271\003\302}{chapter.5}% 68
\BOOKMARK [0][-]{chapter.6}{\376\377\003\223\003\314\003\275\003\271\003\274\003\265\003\302\000\040\003\243\003\305\003\275\003\261\003\301\003\304\003\256\003\303\003\265\003\271\003\302}{}% 69
\BOOKMARK [1][-]{section.6.1}{\376\377\003\225\003\300\003\271\003\303\003\304\003\301\003\265\003\306\003\314\003\274\003\265\003\275\003\265\003\302\000\040\003\304\003\271\003\274\003\255\003\302}{chapter.6}% 70
\BOOKMARK [1][-]{section.6.2}{\376\377\003\243\003\304\003\261\003\264\003\271\003\261\003\272\003\256\000\040\003\261\003\275\003\254\003\300\003\304\003\305\003\276\003\267}{chapter.6}% 71
\BOOKMARK [1][-]{section.6.3}{\376\377\003\243\003\315\003\275\003\270\003\265\003\303\003\267}{chapter.6}% 72
\BOOKMARK [1][-]{section.6.4}{\376\377\003\233\003\277\003\263\003\271\003\272\003\255\003\302\000\040\003\303\003\305\003\275\003\261\003\301\003\304\003\256\003\303\003\265\003\271\003\302}{chapter.6}% 73
\BOOKMARK [1][-]{section.6.5}{\376\377\003\240\003\265\003\301\003\271\003\303\003\303\003\314\003\304\003\265\003\301\003\267\000\040\003\261\003\275\003\261\003\264\003\301\003\277\003\274\003\256}{chapter.6}% 74
\BOOKMARK [1][-]{section.6.6}{\376\377\003\206\003\273\003\274\003\261\000\040\003\300\003\257\003\303\003\304\003\267\003\302}{chapter.6}% 75
\BOOKMARK [1][-]{section.6.7}{\376\377\003\210\003\275\003\261\000\040\003\261\003\272\003\314\003\274\003\261\000\040\003\300\003\261\003\301\003\254\003\264\003\265\003\271\003\263\003\274\003\261}{chapter.6}% 76
\BOOKMARK [1][-]{section.6.8}{\376\377\003\210\003\273\003\265\003\263\003\307\003\277\003\302\000\040\003\304\003\315\003\300\003\311\003\275}{chapter.6}% 77
\BOOKMARK [1][-]{section.6.9}{\376\377\003\221\003\300\003\277\003\303\003\306\003\261\003\273\003\274\003\254\003\304\003\311\003\303\003\267}{chapter.6}% 78
\BOOKMARK [1][-]{section.6.10}{\376\377\003\237\003\301\003\277\003\273\003\277\003\263\003\257\003\261}{chapter.6}% 79
\BOOKMARK [1][-]{section.6.11}{\376\377\003\221\003\303\003\272\003\256\003\303\003\265\003\271\003\302}{chapter.6}% 80
\BOOKMARK [0][-]{chapter.7}{\376\377\003\225\003\300\003\261\003\275\003\254\003\273\003\267\003\310\003\267}{}% 81
\BOOKMARK [1][-]{section.7.1}{\376\377\003\240\003\277\003\273\003\273\003\261\003\300\003\273\003\256\000\040\003\265\003\272\003\307\003\316\003\301\003\267\003\303\003\267}{chapter.7}% 82
\BOOKMARK [1][-]{section.7.2}{\376\377\003\225\003\275\003\267\003\274\003\255\003\301\003\311\003\303\003\267\000\040\003\274\003\265\003\304\003\261\003\262\003\273\003\267\003\304\003\316\003\275}{chapter.7}% 83
\BOOKMARK [1][-]{section.7.3}{\376\377\000\040\000w\000h\000i\000l\000e}{chapter.7}% 84
\BOOKMARK [1][-]{section.7.4}{\376\377\000b\000r\000e\000a\000k}{chapter.7}% 85
\BOOKMARK [1][-]{section.7.5}{\376\377\003\244\003\265\003\304\003\301\003\261\003\263\003\311\003\275\003\271\003\272\003\255\003\302\000\040\003\301\003\257\003\266\003\265\003\302}{chapter.7}% 86
\BOOKMARK [1][-]{section.7.6}{\376\377\003\221\003\273\003\263\003\314\003\301\003\271\003\270\003\274\003\277\003\271}{chapter.7}% 87
\BOOKMARK [1][-]{section.7.7}{\376\377\003\221\003\300\003\277\003\303\003\306\003\261\003\273\003\274\003\254\003\304\003\311\003\303\003\267}{chapter.7}% 88
\BOOKMARK [1][-]{section.7.8}{\376\377\003\237\003\301\003\277\003\273\003\277\003\263\003\257\003\261}{chapter.7}% 89
\BOOKMARK [1][-]{section.7.9}{\376\377\003\221\003\303\003\272\003\256\003\303\003\265\003\271\003\302}{chapter.7}% 90
\BOOKMARK [0][-]{chapter.8}{\376\377\003\243\003\305\003\274\003\262\003\277\003\273\003\277\003\303\003\265\003\271\003\301\003\255\003\302}{}% 91
\BOOKMARK [1][-]{section.8.1}{\376\377\003\234\003\257\003\261\000\040\003\303\003\305\003\274\003\262\003\277\003\273\003\277\003\303\003\265\003\271\003\301\003\254\000\040\003\265\003\257\003\275\003\261\003\271\000\040\003\274\003\257\003\261\000\040\003\261\003\272\003\277\003\273\003\277\003\305\003\270\003\257\003\261}{chapter.8}% 92
\BOOKMARK [1][-]{section.8.2}{\376\377\000l\000e\000n}{chapter.8}% 93
\BOOKMARK [1][-]{section.8.3}{\376\377\000\040\000\040\000f\000o\000r}{chapter.8}% 94
\BOOKMARK [1][-]{section.8.4}{\376\377\003\244\003\265\003\274\003\254\003\307\003\271\003\261\000\040\003\303\003\305\003\274\003\262\003\277\003\273\003\277\003\303\003\265\003\271\003\301\003\254\003\302}{chapter.8}% 95
\BOOKMARK [1][-]{section.8.5}{\376\377\003\237\003\271\000\040\003\303\003\305\003\274\003\262\003\277\003\273\003\277\003\303\003\265\003\271\003\301\003\255\003\302\000\040\003\265\003\257\003\275\003\261\003\271\000\040\003\261\003\274\003\265\003\304\003\254\003\262\003\273\003\267\003\304\003\265\003\302}{chapter.8}% 96
\BOOKMARK [1][-]{section.8.6}{\376\377\003\221\003\275\003\261\003\266\003\256\003\304\003\267\003\303\003\267}{chapter.8}% 97
\BOOKMARK [1][-]{section.8.7}{\376\377\003\225\003\300\003\261\003\275\003\254\003\273\003\267\003\310\003\267\000\040\003\272\003\261\003\271\000\040\003\272\003\261\003\304\003\261\003\274\003\255\003\304\003\301\003\267\003\303\003\267}{chapter.8}% 98
\BOOKMARK [1][-]{section.8.8}{\376\377\003\234\003\255\003\270\003\277\003\264\003\277\003\271\000\040\003\303\003\305\003\274\003\262\003\277\003\273\003\277\003\303\003\265\003\271\003\301\003\316\003\275}{chapter.8}% 99
\BOOKMARK [1][-]{section.8.9}{\376\377\000\040\000i\000n}{chapter.8}% 100
\BOOKMARK [1][-]{section.8.10}{\376\377\003\243\003\315\003\263\003\272\003\301\003\271\003\303\003\267\000\040\003\303\003\305\003\274\003\262\003\277\003\273\003\277\003\303\003\265\003\271\003\301\003\316\003\275}{chapter.8}% 101
\BOOKMARK [1][-]{section.8.11}{\376\377\003\221\003\300\003\277\003\303\003\306\003\261\003\273\003\274\003\254\003\304\003\311\003\303\003\267}{chapter.8}% 102
\BOOKMARK [1][-]{section.8.12}{\376\377\000G\000l\000o\000s\000s\000a\000r\000y}{chapter.8}% 103
\BOOKMARK [1][-]{section.8.13}{\376\377\000E\000x\000e\000r\000c\000i\000s\000e\000s}{chapter.8}% 104
\BOOKMARK [0][-]{chapter.9}{\376\377\000C\000a\000s\000e\000\040\000s\000t\000u\000d\000y\000:\000\040\000w\000o\000r\000d\000\040\000p\000l\000a\000y}{}% 105
\BOOKMARK [1][-]{section.9.1}{\376\377\000R\000e\000a\000d\000i\000n\000g\000\040\000w\000o\000r\000d\000\040\000l\000i\000s\000t\000s}{chapter.9}% 106
\BOOKMARK [1][-]{section.9.2}{\376\377\000E\000x\000e\000r\000c\000i\000s\000e\000s}{chapter.9}% 107
\BOOKMARK [1][-]{section.9.3}{\376\377\000S\000e\000a\000r\000c\000h}{chapter.9}% 108
\BOOKMARK [1][-]{section.9.4}{\376\377\000L\000o\000o\000p\000i\000n\000g\000\040\000w\000i\000t\000h\000\040\000i\000n\000d\000i\000c\000e\000s}{chapter.9}% 109
\BOOKMARK [1][-]{section.9.5}{\376\377\000D\000e\000b\000u\000g\000g\000i\000n\000g}{chapter.9}% 110
\BOOKMARK [1][-]{section.9.6}{\376\377\000G\000l\000o\000s\000s\000a\000r\000y}{chapter.9}% 111
\BOOKMARK [1][-]{section.9.7}{\376\377\000E\000x\000e\000r\000c\000i\000s\000e\000s}{chapter.9}% 112
\BOOKMARK [0][-]{chapter.10}{\376\377\000L\000i\000s\000t\000s}{}% 113
\BOOKMARK [1][-]{section.10.1}{\376\377\000A\000\040\000l\000i\000s\000t\000\040\000i\000s\000\040\000a\000\040\000s\000e\000q\000u\000e\000n\000c\000e}{chapter.10}% 114
\BOOKMARK [1][-]{section.10.2}{\376\377\000L\000i\000s\000t\000s\000\040\000a\000r\000e\000\040\000m\000u\000t\000a\000b\000l\000e}{chapter.10}% 115
\BOOKMARK [1][-]{section.10.3}{\376\377\000T\000r\000a\000v\000e\000r\000s\000i\000n\000g\000\040\000a\000\040\000l\000i\000s\000t}{chapter.10}% 116
\BOOKMARK [1][-]{section.10.4}{\376\377\000L\000i\000s\000t\000\040\000o\000p\000e\000r\000a\000t\000i\000o\000n\000s}{chapter.10}% 117
\BOOKMARK [1][-]{section.10.5}{\376\377\000L\000i\000s\000t\000\040\000s\000l\000i\000c\000e\000s}{chapter.10}% 118
\BOOKMARK [1][-]{section.10.6}{\376\377\000L\000i\000s\000t\000\040\000m\000e\000t\000h\000o\000d\000s}{chapter.10}% 119
\BOOKMARK [1][-]{section.10.7}{\376\377\000M\000a\000p\000,\000\040\000f\000i\000l\000t\000e\000r\000\040\000a\000n\000d\000\040\000r\000e\000d\000u\000c\000e}{chapter.10}% 120
\BOOKMARK [1][-]{section.10.8}{\376\377\000D\000e\000l\000e\000t\000i\000n\000g\000\040\000e\000l\000e\000m\000e\000n\000t\000s}{chapter.10}% 121
\BOOKMARK [1][-]{section.10.9}{\376\377\000L\000i\000s\000t\000s\000\040\000a\000n\000d\000\040\000s\000t\000r\000i\000n\000g\000s}{chapter.10}% 122
\BOOKMARK [1][-]{section.10.10}{\376\377\000O\000b\000j\000e\000c\000t\000s\000\040\000a\000n\000d\000\040\000v\000a\000l\000u\000e\000s}{chapter.10}% 123
\BOOKMARK [1][-]{section.10.11}{\376\377\000A\000l\000i\000a\000s\000i\000n\000g}{chapter.10}% 124
\BOOKMARK [1][-]{section.10.12}{\376\377\000L\000i\000s\000t\000\040\000a\000r\000g\000u\000m\000e\000n\000t\000s}{chapter.10}% 125
\BOOKMARK [1][-]{section.10.13}{\376\377\000D\000e\000b\000u\000g\000g\000i\000n\000g}{chapter.10}% 126
\BOOKMARK [1][-]{section.10.14}{\376\377\000G\000l\000o\000s\000s\000a\000r\000y}{chapter.10}% 127
\BOOKMARK [1][-]{section.10.15}{\376\377\000E\000x\000e\000r\000c\000i\000s\000e\000s}{chapter.10}% 128
\BOOKMARK [0][-]{chapter.11}{\376\377\000D\000i\000c\000t\000i\000o\000n\000a\000r\000i\000e\000s}{}% 129
\BOOKMARK [1][-]{section.11.1}{\376\377\000D\000i\000c\000t\000i\000o\000n\000a\000r\000y\000\040\000a\000s\000\040\000a\000\040\000s\000e\000t\000\040\000o\000f\000\040\000c\000o\000u\000n\000t\000e\000r\000s}{chapter.11}% 130
\BOOKMARK [1][-]{section.11.2}{\376\377\000L\000o\000o\000p\000i\000n\000g\000\040\000a\000n\000d\000\040\000d\000i\000c\000t\000i\000o\000n\000a\000r\000i\000e\000s}{chapter.11}% 131
\BOOKMARK [1][-]{section.11.3}{\376\377\000R\000e\000v\000e\000r\000s\000e\000\040\000l\000o\000o\000k\000u\000p}{chapter.11}% 132
\BOOKMARK [1][-]{section.11.4}{\376\377\000D\000i\000c\000t\000i\000o\000n\000a\000r\000i\000e\000s\000\040\000a\000n\000d\000\040\000l\000i\000s\000t\000s}{chapter.11}% 133
\BOOKMARK [1][-]{section.11.5}{\376\377\000M\000e\000m\000o\000s}{chapter.11}% 134
\BOOKMARK [1][-]{section.11.6}{\376\377\000G\000l\000o\000b\000a\000l\000\040\000v\000a\000r\000i\000a\000b\000l\000e\000s}{chapter.11}% 135
\BOOKMARK [1][-]{section.11.7}{\376\377\000L\000o\000n\000g\000\040\000i\000n\000t\000e\000g\000e\000r\000s}{chapter.11}% 136
\BOOKMARK [1][-]{section.11.8}{\376\377\000D\000e\000b\000u\000g\000g\000i\000n\000g}{chapter.11}% 137
\BOOKMARK [1][-]{section.11.9}{\376\377\000G\000l\000o\000s\000s\000a\000r\000y}{chapter.11}% 138
\BOOKMARK [1][-]{section.11.10}{\376\377\000E\000x\000e\000r\000c\000i\000s\000e\000s}{chapter.11}% 139
\BOOKMARK [0][-]{chapter.12}{\376\377\000T\000u\000p\000l\000e\000s}{}% 140
\BOOKMARK [1][-]{section.12.1}{\376\377\000T\000u\000p\000l\000e\000s\000\040\000a\000r\000e\000\040\000i\000m\000m\000u\000t\000a\000b\000l\000e}{chapter.12}% 141
\BOOKMARK [1][-]{section.12.2}{\376\377\000T\000u\000p\000l\000e\000\040\000a\000s\000s\000i\000g\000n\000m\000e\000n\000t}{chapter.12}% 142
\BOOKMARK [1][-]{section.12.3}{\376\377\000T\000u\000p\000l\000e\000s\000\040\000a\000s\000\040\000r\000e\000t\000u\000r\000n\000\040\000v\000a\000l\000u\000e\000s}{chapter.12}% 143
\BOOKMARK [1][-]{section.12.4}{\376\377\000V\000a\000r\000i\000a\000b\000l\000e\000-\000l\000e\000n\000g\000t\000h\000\040\000a\000r\000g\000u\000m\000e\000n\000t\000\040\000t\000u\000p\000l\000e\000s}{chapter.12}% 144
\BOOKMARK [1][-]{section.12.5}{\376\377\000L\000i\000s\000t\000s\000\040\000a\000n\000d\000\040\000t\000u\000p\000l\000e\000s}{chapter.12}% 145
\BOOKMARK [1][-]{section.12.6}{\376\377\000D\000i\000c\000t\000i\000o\000n\000a\000r\000i\000e\000s\000\040\000a\000n\000d\000\040\000t\000u\000p\000l\000e\000s}{chapter.12}% 146
\BOOKMARK [1][-]{section.12.7}{\376\377\000C\000o\000m\000p\000a\000r\000i\000n\000g\000\040\000t\000u\000p\000l\000e\000s}{chapter.12}% 147
\BOOKMARK [1][-]{section.12.8}{\376\377\000S\000e\000q\000u\000e\000n\000c\000e\000s\000\040\000o\000f\000\040\000s\000e\000q\000u\000e\000n\000c\000e\000s}{chapter.12}% 148
\BOOKMARK [1][-]{section.12.9}{\376\377\000D\000e\000b\000u\000g\000g\000i\000n\000g}{chapter.12}% 149
\BOOKMARK [1][-]{section.12.10}{\376\377\000G\000l\000o\000s\000s\000a\000r\000y}{chapter.12}% 150
\BOOKMARK [1][-]{section.12.11}{\376\377\000E\000x\000e\000r\000c\000i\000s\000e\000s}{chapter.12}% 151
\BOOKMARK [0][-]{chapter.13}{\376\377\000C\000a\000s\000e\000\040\000s\000t\000u\000d\000y\000:\000\040\000d\000a\000t\000a\000\040\000s\000t\000r\000u\000c\000t\000u\000r\000e\000\040\000s\000e\000l\000e\000c\000t\000i\000o\000n}{}% 152
\BOOKMARK [1][-]{section.13.1}{\376\377\000W\000o\000r\000d\000\040\000f\000r\000e\000q\000u\000e\000n\000c\000y\000\040\000a\000n\000a\000l\000y\000s\000i\000s}{chapter.13}% 153
\BOOKMARK [1][-]{section.13.2}{\376\377\000R\000a\000n\000d\000o\000m\000\040\000n\000u\000m\000b\000e\000r\000s}{chapter.13}% 154
\BOOKMARK [1][-]{section.13.3}{\376\377\000W\000o\000r\000d\000\040\000h\000i\000s\000t\000o\000g\000r\000a\000m}{chapter.13}% 155
\BOOKMARK [1][-]{section.13.4}{\376\377\000M\000o\000s\000t\000\040\000c\000o\000m\000m\000o\000n\000\040\000w\000o\000r\000d\000s}{chapter.13}% 156
\BOOKMARK [1][-]{section.13.5}{\376\377\000O\000p\000t\000i\000o\000n\000a\000l\000\040\000p\000a\000r\000a\000m\000e\000t\000e\000r\000s}{chapter.13}% 157
\BOOKMARK [1][-]{section.13.6}{\376\377\000D\000i\000c\000t\000i\000o\000n\000a\000r\000y\000\040\000s\000u\000b\000t\000r\000a\000c\000t\000i\000o\000n}{chapter.13}% 158
\BOOKMARK [1][-]{section.13.7}{\376\377\000R\000a\000n\000d\000o\000m\000\040\000w\000o\000r\000d\000s}{chapter.13}% 159
\BOOKMARK [1][-]{section.13.8}{\376\377\000M\000a\000r\000k\000o\000v\000\040\000a\000n\000a\000l\000y\000s\000i\000s}{chapter.13}% 160
\BOOKMARK [1][-]{section.13.9}{\376\377\000D\000a\000t\000a\000\040\000s\000t\000r\000u\000c\000t\000u\000r\000e\000s}{chapter.13}% 161
\BOOKMARK [1][-]{section.13.10}{\376\377\000D\000e\000b\000u\000g\000g\000i\000n\000g}{chapter.13}% 162
\BOOKMARK [1][-]{section.13.11}{\376\377\000G\000l\000o\000s\000s\000a\000r\000y}{chapter.13}% 163
\BOOKMARK [1][-]{section.13.12}{\376\377\000E\000x\000e\000r\000c\000i\000s\000e\000s}{chapter.13}% 164
\BOOKMARK [0][-]{chapter.14}{\376\377\000F\000i\000l\000e\000s}{}% 165
\BOOKMARK [1][-]{section.14.1}{\376\377\000P\000e\000r\000s\000i\000s\000t\000e\000n\000c\000e}{chapter.14}% 166
\BOOKMARK [1][-]{section.14.2}{\376\377\000R\000e\000a\000d\000i\000n\000g\000\040\000a\000n\000d\000\040\000w\000r\000i\000t\000i\000n\000g}{chapter.14}% 167
\BOOKMARK [1][-]{section.14.3}{\376\377\000F\000o\000r\000m\000a\000t\000\040\000o\000p\000e\000r\000a\000t\000o\000r}{chapter.14}% 168
\BOOKMARK [1][-]{section.14.4}{\376\377\000F\000i\000l\000e\000n\000a\000m\000e\000s\000\040\000a\000n\000d\000\040\000p\000a\000t\000h\000s}{chapter.14}% 169
\BOOKMARK [1][-]{section.14.5}{\376\377\000C\000a\000t\000c\000h\000i\000n\000g\000\040\000e\000x\000c\000e\000p\000t\000i\000o\000n\000s}{chapter.14}% 170
\BOOKMARK [1][-]{section.14.6}{\376\377\000D\000a\000t\000a\000b\000a\000s\000e\000s}{chapter.14}% 171
\BOOKMARK [1][-]{section.14.7}{\376\377\000P\000i\000c\000k\000l\000i\000n\000g}{chapter.14}% 172
\BOOKMARK [1][-]{section.14.8}{\376\377\000P\000i\000p\000e\000s}{chapter.14}% 173
\BOOKMARK [1][-]{section.14.9}{\376\377\000W\000r\000i\000t\000i\000n\000g\000\040\000m\000o\000d\000u\000l\000e\000s}{chapter.14}% 174
\BOOKMARK [1][-]{section.14.10}{\376\377\000D\000e\000b\000u\000g\000g\000i\000n\000g}{chapter.14}% 175
\BOOKMARK [1][-]{section.14.11}{\376\377\000G\000l\000o\000s\000s\000a\000r\000y}{chapter.14}% 176
\BOOKMARK [1][-]{section.14.12}{\376\377\000E\000x\000e\000r\000c\000i\000s\000e\000s}{chapter.14}% 177
\BOOKMARK [0][-]{chapter.15}{\376\377\000C\000l\000a\000s\000s\000e\000s\000\040\000a\000n\000d\000\040\000o\000b\000j\000e\000c\000t\000s}{}% 178
\BOOKMARK [1][-]{section.15.1}{\376\377\000U\000s\000e\000r\000-\000d\000e\000f\000i\000n\000e\000d\000\040\000t\000y\000p\000e\000s}{chapter.15}% 179
\BOOKMARK [1][-]{section.15.2}{\376\377\000A\000t\000t\000r\000i\000b\000u\000t\000e\000s}{chapter.15}% 180
\BOOKMARK [1][-]{section.15.3}{\376\377\000R\000e\000c\000t\000a\000n\000g\000l\000e\000s}{chapter.15}% 181
\BOOKMARK [1][-]{section.15.4}{\376\377\000I\000n\000s\000t\000a\000n\000c\000e\000s\000\040\000a\000s\000\040\000r\000e\000t\000u\000r\000n\000\040\000v\000a\000l\000u\000e\000s}{chapter.15}% 182
\BOOKMARK [1][-]{section.15.5}{\376\377\000O\000b\000j\000e\000c\000t\000s\000\040\000a\000r\000e\000\040\000m\000u\000t\000a\000b\000l\000e}{chapter.15}% 183
\BOOKMARK [1][-]{section.15.6}{\376\377\000C\000o\000p\000y\000i\000n\000g}{chapter.15}% 184
\BOOKMARK [1][-]{section.15.7}{\376\377\000D\000e\000b\000u\000g\000g\000i\000n\000g}{chapter.15}% 185
\BOOKMARK [1][-]{section.15.8}{\376\377\000G\000l\000o\000s\000s\000a\000r\000y}{chapter.15}% 186
\BOOKMARK [1][-]{section.15.9}{\376\377\000E\000x\000e\000r\000c\000i\000s\000e\000s}{chapter.15}% 187
\BOOKMARK [0][-]{chapter.16}{\376\377\000C\000l\000a\000s\000s\000e\000s\000\040\000a\000n\000d\000\040\000f\000u\000n\000c\000t\000i\000o\000n\000s}{}% 188
\BOOKMARK [1][-]{section.16.1}{\376\377\000T\000i\000m\000e}{chapter.16}% 189
\BOOKMARK [1][-]{section.16.2}{\376\377\000P\000u\000r\000e\000\040\000f\000u\000n\000c\000t\000i\000o\000n\000s}{chapter.16}% 190
\BOOKMARK [1][-]{section.16.3}{\376\377\000M\000o\000d\000i\000f\000i\000e\000r\000s}{chapter.16}% 191
\BOOKMARK [1][-]{section.16.4}{\376\377\000P\000r\000o\000t\000o\000t\000y\000p\000i\000n\000g\000\040\000v\000e\000r\000s\000u\000s\000\040\000p\000l\000a\000n\000n\000i\000n\000g}{chapter.16}% 192
\BOOKMARK [1][-]{section.16.5}{\376\377\000D\000e\000b\000u\000g\000g\000i\000n\000g}{chapter.16}% 193
\BOOKMARK [1][-]{section.16.6}{\376\377\000G\000l\000o\000s\000s\000a\000r\000y}{chapter.16}% 194
\BOOKMARK [1][-]{section.16.7}{\376\377\000E\000x\000e\000r\000c\000i\000s\000e\000s}{chapter.16}% 195
\BOOKMARK [0][-]{chapter.17}{\376\377\000C\000l\000a\000s\000s\000e\000s\000\040\000a\000n\000d\000\040\000m\000e\000t\000h\000o\000d\000s}{}% 196
\BOOKMARK [1][-]{section.17.1}{\376\377\000O\000b\000j\000e\000c\000t\000-\000o\000r\000i\000e\000n\000t\000e\000d\000\040\000f\000e\000a\000t\000u\000r\000e\000s}{chapter.17}% 197
\BOOKMARK [1][-]{section.17.2}{\376\377\000P\000r\000i\000n\000t\000i\000n\000g\000\040\000o\000b\000j\000e\000c\000t\000s}{chapter.17}% 198
\BOOKMARK [1][-]{section.17.3}{\376\377\000A\000n\000o\000t\000h\000e\000r\000\040\000e\000x\000a\000m\000p\000l\000e}{chapter.17}% 199
\BOOKMARK [1][-]{section.17.4}{\376\377\000A\000\040\000m\000o\000r\000e\000\040\000c\000o\000m\000p\000l\000i\000c\000a\000t\000e\000d\000\040\000e\000x\000a\000m\000p\000l\000e}{chapter.17}% 200
\BOOKMARK [1][-]{section.17.5}{\376\377\000T\000h\000e\000\040\000i\000n\000i\000t\000\040\000m\000e\000t\000h\000o\000d}{chapter.17}% 201
\BOOKMARK [1][-]{section.17.6}{\376\377\000T\000h\000e\000\040\000\137\000\137\000s\000t\000r\000\137\000\137\000\040\000m\000e\000t\000h\000o\000d}{chapter.17}% 202
\BOOKMARK [1][-]{section.17.7}{\376\377\000O\000p\000e\000r\000a\000t\000o\000r\000\040\000o\000v\000e\000r\000l\000o\000a\000d\000i\000n\000g}{chapter.17}% 203
\BOOKMARK [1][-]{section.17.8}{\376\377\000T\000y\000p\000e\000-\000b\000a\000s\000e\000d\000\040\000d\000i\000s\000p\000a\000t\000c\000h}{chapter.17}% 204
\BOOKMARK [1][-]{section.17.9}{\376\377\000P\000o\000l\000y\000m\000o\000r\000p\000h\000i\000s\000m}{chapter.17}% 205
\BOOKMARK [1][-]{section.17.10}{\376\377\000D\000e\000b\000u\000g\000g\000i\000n\000g}{chapter.17}% 206
\BOOKMARK [1][-]{section.17.11}{\376\377\000I\000n\000t\000e\000r\000f\000a\000c\000e\000\040\000a\000n\000d\000\040\000i\000m\000p\000l\000e\000m\000e\000n\000t\000a\000t\000i\000o\000n}{chapter.17}% 207
\BOOKMARK [1][-]{section.17.12}{\376\377\000G\000l\000o\000s\000s\000a\000r\000y}{chapter.17}% 208
\BOOKMARK [1][-]{section.17.13}{\376\377\000E\000x\000e\000r\000c\000i\000s\000e\000s}{chapter.17}% 209
\BOOKMARK [0][-]{chapter.18}{\376\377\000I\000n\000h\000e\000r\000i\000t\000a\000n\000c\000e}{}% 210
\BOOKMARK [1][-]{section.18.1}{\376\377\000C\000a\000r\000d\000\040\000o\000b\000j\000e\000c\000t\000s}{chapter.18}% 211
\BOOKMARK [1][-]{section.18.2}{\376\377\000C\000l\000a\000s\000s\000\040\000a\000t\000t\000r\000i\000b\000u\000t\000e\000s}{chapter.18}% 212
\BOOKMARK [1][-]{section.18.3}{\376\377\000C\000o\000m\000p\000a\000r\000i\000n\000g\000\040\000c\000a\000r\000d\000s}{chapter.18}% 213
\BOOKMARK [1][-]{section.18.4}{\376\377\000D\000e\000c\000k\000s}{chapter.18}% 214
\BOOKMARK [1][-]{section.18.5}{\376\377\000P\000r\000i\000n\000t\000i\000n\000g\000\040\000t\000h\000e\000\040\000d\000e\000c\000k}{chapter.18}% 215
\BOOKMARK [1][-]{section.18.6}{\376\377\000A\000d\000d\000,\000\040\000r\000e\000m\000o\000v\000e\000,\000\040\000s\000h\000u\000f\000f\000l\000e\000\040\000a\000n\000d\000\040\000s\000o\000r\000t}{chapter.18}% 216
\BOOKMARK [1][-]{section.18.7}{\376\377\000I\000n\000h\000e\000r\000i\000t\000a\000n\000c\000e}{chapter.18}% 217
\BOOKMARK [1][-]{section.18.8}{\376\377\000C\000l\000a\000s\000s\000\040\000d\000i\000a\000g\000r\000a\000m\000s}{chapter.18}% 218
\BOOKMARK [1][-]{section.18.9}{\376\377\000D\000e\000b\000u\000g\000g\000i\000n\000g}{chapter.18}% 219
\BOOKMARK [1][-]{section.18.10}{\376\377\000D\000a\000t\000a\000\040\000e\000n\000c\000a\000p\000s\000u\000l\000a\000t\000i\000o\000n}{chapter.18}% 220
\BOOKMARK [1][-]{section.18.11}{\376\377\000G\000l\000o\000s\000s\000a\000r\000y}{chapter.18}% 221
\BOOKMARK [1][-]{section.18.12}{\376\377\000E\000x\000e\000r\000c\000i\000s\000e\000s}{chapter.18}% 222
\BOOKMARK [0][-]{chapter.19}{\376\377\000C\000a\000s\000e\000\040\000s\000t\000u\000d\000y\000:\000\040\000T\000k\000i\000n\000t\000e\000r}{}% 223
\BOOKMARK [1][-]{section.19.1}{\376\377\000G\000U\000I}{chapter.19}% 224
\BOOKMARK [1][-]{section.19.2}{\376\377\000B\000u\000t\000t\000o\000n\000s\000\040\000a\000n\000d\000\040\000c\000a\000l\000l\000b\000a\000c\000k\000s}{chapter.19}% 225
\BOOKMARK [1][-]{section.19.3}{\376\377\000C\000a\000n\000v\000a\000s\000\040\000w\000i\000d\000g\000e\000t\000s}{chapter.19}% 226
\BOOKMARK [1][-]{section.19.4}{\376\377\000C\000o\000o\000r\000d\000i\000n\000a\000t\000e\000\040\000s\000e\000q\000u\000e\000n\000c\000e\000s}{chapter.19}% 227
\BOOKMARK [1][-]{section.19.5}{\376\377\000M\000o\000r\000e\000\040\000w\000i\000d\000g\000e\000t\000s}{chapter.19}% 228
\BOOKMARK [1][-]{section.19.6}{\376\377\000P\000a\000c\000k\000i\000n\000g\000\040\000w\000i\000d\000g\000e\000t\000s}{chapter.19}% 229
\BOOKMARK [1][-]{section.19.7}{\376\377\000M\000e\000n\000u\000s\000\040\000a\000n\000d\000\040\000C\000a\000l\000l\000a\000b\000l\000e\000s}{chapter.19}% 230
\BOOKMARK [1][-]{section.19.8}{\376\377\000B\000i\000n\000d\000i\000n\000g}{chapter.19}% 231
\BOOKMARK [1][-]{section.19.9}{\376\377\000D\000e\000b\000u\000g\000g\000i\000n\000g}{chapter.19}% 232
\BOOKMARK [1][-]{section.19.10}{\376\377\000G\000l\000o\000s\000s\000a\000r\000y}{chapter.19}% 233
\BOOKMARK [1][-]{section.19.11}{\376\377\000E\000x\000e\000r\000c\000i\000s\000e\000s}{chapter.19}% 234
\BOOKMARK [0][-]{appendix.Alph1}{\376\377\000D\000e\000b\000u\000g\000g\000i\000n\000g}{}% 235
\BOOKMARK [1][-]{section.Alph1.1}{\376\377\000S\000y\000n\000t\000a\000x\000\040\000e\000r\000r\000o\000r\000s}{appendix.Alph1}% 236
\BOOKMARK [1][-]{section.Alph1.2}{\376\377\000R\000u\000n\000t\000i\000m\000e\000\040\000e\000r\000r\000o\000r\000s}{appendix.Alph1}% 237
\BOOKMARK [1][-]{section.Alph1.3}{\376\377\000S\000e\000m\000a\000n\000t\000i\000c\000\040\000e\000r\000r\000o\000r\000s}{appendix.Alph1}% 238
\BOOKMARK [0][-]{appendix.Alph2}{\376\377\000A\000n\000a\000l\000y\000s\000i\000s\000\040\000o\000f\000\040\000A\000l\000g\000o\000r\000i\000t\000h\000m\000s}{}% 239
\BOOKMARK [1][-]{section.Alph2.1}{\376\377\000O\000r\000d\000e\000r\000\040\000o\000f\000\040\000g\000r\000o\000w\000t\000h}{appendix.Alph2}% 240
\BOOKMARK [1][-]{section.Alph2.2}{\376\377\000A\000n\000a\000l\000y\000s\000i\000s\000\040\000o\000f\000\040\000b\000a\000s\000i\000c\000\040\000P\000y\000t\000h\000o\000n\000\040\000o\000p\000e\000r\000a\000t\000i\000o\000n\000s}{appendix.Alph2}% 241
\BOOKMARK [1][-]{section.Alph2.3}{\376\377\000A\000n\000a\000l\000y\000s\000i\000s\000\040\000o\000f\000\040\000s\000e\000a\000r\000c\000h\000\040\000a\000l\000g\000o\000r\000i\000t\000h\000m\000s}{appendix.Alph2}% 242
\BOOKMARK [1][-]{section.Alph2.4}{\376\377\000H\000a\000s\000h\000t\000a\000b\000l\000e\000s}{appendix.Alph2}% 243
\BOOKMARK [0][-]{appendix.Alph3}{\376\377\000L\000u\000m\000p\000y}{}% 244
\BOOKMARK [1][-]{section.Alph3.1}{\376\377\000S\000t\000a\000t\000e\000\040\000d\000i\000a\000g\000r\000a\000m}{appendix.Alph3}% 245
\BOOKMARK [1][-]{section.Alph3.2}{\376\377\000S\000t\000a\000c\000k\000\040\000d\000i\000a\000g\000r\000a\000m}{appendix.Alph3}% 246
\BOOKMARK [1][-]{section.Alph3.3}{\376\377\000O\000b\000j\000e\000c\000t\000\040\000d\000i\000a\000g\000r\000a\000m\000s}{appendix.Alph3}% 247
\BOOKMARK [1][-]{section.Alph3.4}{\376\377\000F\000u\000n\000c\000t\000i\000o\000n\000\040\000a\000n\000d\000\040\000c\000l\000a\000s\000s\000\040\000o\000b\000j\000e\000c\000t\000s}{appendix.Alph3}% 248
\BOOKMARK [1][-]{section.Alph3.5}{\376\377\000C\000l\000a\000s\000s\000\040\000D\000i\000a\000g\000r\000a\000m\000s}{appendix.Alph3}% 249
